[    0.000000] Linux version 4.15.0-144-generic (buildd@lgw01-amd64-031) (gcc version 7.5.0 (Ubuntu 7.5.0-3ubuntu1~18.04)) #148-Ubuntu SMP Sat May 8 02:33:43 UTC 2021 (Ubuntu 4.15.0-144.148-generic 4.15.18)
[    0.000000] Command line: BOOT_IMAGE=/boot/vmlinuz-4.15.0-144-generic root=LABEL=cloudimg-rootfs ro console=tty1 console=ttyS0
[    0.000000] KERNEL supported cpus:
[    0.000000]   Intel GenuineIntel
[    0.000000]   AMD AuthenticAMD
[    0.000000]   Centaur CentaurHauls
[    0.000000] [Firmware Bug]: TSC doesn't count with P0 frequency!
[    0.000000] x86/fpu: Supporting XSAVE feature 0x001: 'x87 floating point registers'
[    0.000000] x86/fpu: Supporting XSAVE feature 0x002: 'SSE registers'
[    0.000000] x86/fpu: Supporting XSAVE feature 0x004: 'AVX registers'
[    0.000000] x86/fpu: xstate_offset[2]:  576, xstate_sizes[2]:  256
[    0.000000] x86/fpu: Enabled xstate features 0x7, context size is 832 bytes, using 'standard' format.
[    0.000000] e820: BIOS-provided physical RAM map:
[    0.000000] BIOS-e820: [mem 0x0000000000000000-0x000000000009fbff] usable
[    0.000000] BIOS-e820: [mem 0x000000000009fc00-0x000000000009ffff] reserved
[    0.000000] BIOS-e820: [mem 0x00000000000f0000-0x00000000000fffff] reserved
[    0.000000] BIOS-e820: [mem 0x0000000000100000-0x000000003ffeffff] usable
[    0.000000] BIOS-e820: [mem 0x000000003fff0000-0x000000003fffffff] ACPI data
[    0.000000] BIOS-e820: [mem 0x00000000fec00000-0x00000000fec00fff] reserved
[    0.000000] BIOS-e820: [mem 0x00000000fee00000-0x00000000fee00fff] reserved
[    0.000000] BIOS-e820: [mem 0x00000000fffc0000-0x00000000ffffffff] reserved
[    0.000000] NX (Execute Disable) protection: active
[    0.000000] SMBIOS 2.5 present.
[    0.000000] DMI: innotek GmbH VirtualBox/VirtualBox, BIOS VirtualBox 12/01/2006
[    0.000000] Hypervisor detected: KVM
[    0.000000] e820: last_pfn = 0x3fff0 max_arch_pfn = 0x400000000
[    0.000000] MTRR: Disabled
[    0.000000] x86/PAT: MTRRs disabled, skipping PAT initialization too.
[    0.000000] CPU MTRRs all blank - virtualized system.
[    0.000000] x86/PAT: Configuration [0-7]: WB  WT  UC- UC  WB  WT  UC- UC  
[    0.000000] found SMP MP-table at [mem 0x0009fff0-0x0009ffff]
[    0.000000] Scanning 1 areas for low memory corruption
[    0.000000] RAMDISK: [mem 0x359cf000-0x36cdefff]
[    0.000000] ACPI: Early table checksum verification disabled
[    0.000000] ACPI: RSDP 0x00000000000E0000 000024 (v02 VBOX  )
[    0.000000] ACPI: XSDT 0x000000003FFF0030 00003C (v01 VBOX   VBOXXSDT 00000001 ASL  00000061)
[    0.000000] ACPI: FACP 0x000000003FFF00F0 0000F4 (v04 VBOX   VBOXFACP 00000001 ASL  00000061)
[    0.000000] ACPI: DSDT 0x000000003FFF0470 002325 (v02 VBOX   VBOXBIOS 00000002 INTL 20100528)
[    0.000000] ACPI: FACS 0x000000003FFF0200 000040
[    0.000000] ACPI: FACS 0x000000003FFF0200 000040
[    0.000000] ACPI: APIC 0x000000003FFF0240 00005C (v02 VBOX   VBOXAPIC 00000001 ASL  00000061)
[    0.000000] ACPI: SSDT 0x000000003FFF02A0 0001CC (v01 VBOX   VBOXCPUT 00000002 INTL 20100528)
[    0.000000] No NUMA configuration found
[    0.000000] Faking a node at [mem 0x0000000000000000-0x000000003ffeffff]
[    0.000000] NODE_DATA(0) allocated [mem 0x3ffc5000-0x3ffeffff]
[    0.000000] kvm-clock: cpu 0, msr 0:3ff44001, primary cpu clock
[    0.000000] kvm-clock: Using msrs 4b564d01 and 4b564d00
[    0.000000] kvm-clock: using sched offset of 3465995439 cycles
[    0.000000] clocksource: kvm-clock: mask: 0xffffffffffffffff max_cycles: 0x1cd42e4dffb, max_idle_ns: 881590591483 ns
[    0.000000] Zone ranges:
[    0.000000]   DMA      [mem 0x0000000000001000-0x0000000000ffffff]
[    0.000000]   DMA32    [mem 0x0000000001000000-0x000000003ffeffff]
[    0.000000]   Normal   empty
[    0.000000]   Device   empty
[    0.000000] Movable zone start for each node
[    0.000000] Early memory node ranges
[    0.000000]   node   0: [mem 0x0000000000001000-0x000000000009efff]
[    0.000000]   node   0: [mem 0x0000000000100000-0x000000003ffeffff]
[    0.000000] Reserved but unavailable: 98 pages
[    0.000000] Initmem setup node 0 [mem 0x0000000000001000-0x000000003ffeffff]
[    0.000000] ACPI: PM-Timer IO Port: 0x4008
[    0.000000] IOAPIC[0]: apic_id 2, version 32, address 0xfec00000, GSI 0-23
[    0.000000] ACPI: INT_SRC_OVR (bus 0 bus_irq 0 global_irq 2 dfl dfl)
[    0.000000] ACPI: INT_SRC_OVR (bus 0 bus_irq 9 global_irq 9 low level)
[    0.000000] Using ACPI (MADT) for SMP configuration information
[    0.000000] smpboot: Allowing 2 CPUs, 0 hotplug CPUs
[    0.000000] PM: Registered nosave memory: [mem 0x00000000-0x00000fff]
[    0.000000] PM: Registered nosave memory: [mem 0x0009f000-0x0009ffff]
[    0.000000] PM: Registered nosave memory: [mem 0x000a0000-0x000effff]
[    0.000000] PM: Registered nosave memory: [mem 0x000f0000-0x000fffff]
[    0.000000] e820: [mem 0x40000000-0xfebfffff] available for PCI devices
[    0.000000] Booting paravirtualized kernel on KVM
[    0.000000] clocksource: refined-jiffies: mask: 0xffffffff max_cycles: 0xffffffff, max_idle_ns: 7645519600211568 ns
[    0.000000] random: get_random_bytes called from start_kernel+0x99/0x500 with crng_init=0
[    0.000000] setup_percpu: NR_CPUS:8192 nr_cpumask_bits:2 nr_cpu_ids:2 nr_node_ids:1
[    0.000000] percpu: Embedded 45 pages/cpu s147456 r8192 d28672 u1048576
[    0.000000] PV qspinlock hash table entries: 256 (order: 0, 4096 bytes)
[    0.000000] Built 1 zonelists, mobility grouping on.  Total pages: 257913
[    0.000000] Policy zone: DMA32
[    0.000000] Kernel command line: BOOT_IMAGE=/boot/vmlinuz-4.15.0-144-generic root=LABEL=cloudimg-rootfs ro console=tty1 console=ttyS0
[    0.000000] Memory: 982716K/1048120K available (12300K kernel code, 2483K rwdata, 4316K rodata, 2448K init, 2724K bss, 65404K reserved, 0K cma-reserved)
[    0.000000] SLUB: HWalign=64, Order=0-3, MinObjects=0, CPUs=2, Nodes=1
[    0.000000] ftrace: allocating 39453 entries in 155 pages
[    0.004000] Hierarchical RCU implementation.
[    0.004000] 	RCU restricting CPUs from NR_CPUS=8192 to nr_cpu_ids=2.
[    0.004000] 	Tasks RCU enabled.
[    0.004000] RCU: Adjusting geometry for rcu_fanout_leaf=16, nr_cpu_ids=2
[    0.004000] NR_IRQS: 524544, nr_irqs: 440, preallocated irqs: 16
[    0.004000] Console: colour VGA+ 80x25
[    0.004000] console [tty1] enabled
[    0.004000] console [ttyS0] enabled
[    0.004000] ACPI: Core revision 20170831
[    0.004000] ACPI: 2 ACPI AML tables successfully acquired and loaded
[    0.004000] APIC: Switch to symmetric I/O mode setup
[    0.004000] x2apic enabled
[    0.004000] Switched APIC routing to physical x2apic.
[    0.004000] ..TIMER: vector=0x30 apic1=0 pin1=2 apic2=-1 pin2=-1
[    0.004000] tsc: Detected 4017.452 MHz processor
[    0.004000] Calibrating delay loop (skipped) preset value.. 8034.90 BogoMIPS (lpj=16069808)
[    0.004000] pid_max: default: 32768 minimum: 301
[    0.004000] Security Framework initialized
[    0.004000] Yama: becoming mindful.
[    0.004000] AppArmor: AppArmor initialized
[    0.004000] Dentry cache hash table entries: 131072 (order: 8, 1048576 bytes)
[    0.004000] Inode-cache hash table entries: 65536 (order: 7, 524288 bytes)
[    0.004000] Mount-cache hash table entries: 2048 (order: 2, 16384 bytes)
[    0.004000] Mountpoint-cache hash table entries: 2048 (order: 2, 16384 bytes)
[    0.004000] Last level iTLB entries: 4KB 1024, 2MB 1024, 4MB 512
[    0.004000] Last level dTLB entries: 4KB 1536, 2MB 1536, 4MB 768, 1GB 0
[    0.004000] Spectre V1 : Mitigation: usercopy/swapgs barriers and __user pointer sanitization
[    0.004000] Spectre V2 : Spectre mitigation: LFENCE not serializing, switching to generic retpoline
[    0.004003] Spectre V2 : Mitigation: Full generic retpoline
[    0.004694] Spectre V2 : Spectre v2 / SpectreRSB mitigation: Filling RSB on context switch
[    0.005714] Speculative Store Bypass: Mitigation: Speculative Store Bypass disabled via prctl and seccomp
[    0.008140] Freeing SMP alternatives memory: 36K
[    0.136005] APIC calibration not consistent with PM-Timer: 112ms instead of 100ms
[    0.137130] APIC delta adjusted to PM-Timer: 6350381 (7114832)
[    0.137937] smpboot: CPU0: AMD Ryzen 5 3400G with Radeon Vega Graphics (family: 0x17, model: 0x18, stepping: 0x1)
[    0.139297] Performance Events: PMU not available due to virtualization, using software events only.
[    0.140000] Hierarchical SRCU implementation.
[    0.140000] NMI watchdog: Perf event create on CPU 0 failed with -2
[    0.140002] NMI watchdog: Perf NMI watchdog permanently disabled
[    0.140801] smp: Bringing up secondary CPUs ...
[    0.141562] x86: Booting SMP configuration:
[    0.142122] .... node  #0, CPUs:      #1
[    0.004000] kvm-clock: cpu 1, msr 0:3ff44041, secondary cpu clock
[    0.146557] smp: Brought up 1 node, 2 CPUs
[    0.146557] smpboot: Max logical packages: 1
[    0.146557] smpboot: Total of 2 processors activated (16069.80 BogoMIPS)
[    0.148042] devtmpfs: initialized
[    0.148481] x86/mm: Memory block size: 128MB
[    0.149103] evm: security.selinux
[    0.149522] evm: security.SMACK64
[    0.149522] evm: security.SMACK64EXEC
[    0.149522] evm: security.SMACK64TRANSMUTE
[    0.149522] evm: security.SMACK64MMAP
[    0.149522] evm: security.apparmor
[    0.149767] evm: security.ima
[    0.150156] evm: security.capability
[    0.152061] clocksource: jiffies: mask: 0xffffffff max_cycles: 0xffffffff, max_idle_ns: 7645041785100000 ns
[    0.153201] futex hash table entries: 512 (order: 3, 32768 bytes)
[    0.156000] pinctrl core: initialized pinctrl subsystem
[    0.156090] RTC time:  0:48:03, date: 06/23/21
[    0.156800] NET: Registered protocol family 16
[    0.157413] audit: initializing netlink subsys (disabled)
[    0.160031] audit: type=2000 audit(1624409289.094:1): state=initialized audit_enabled=0 res=1
[    0.164007] cpuidle: using governor ladder
[    0.164523] cpuidle: using governor menu
[    0.164715] ACPI: bus type PCI registered
[    0.164715] acpiphp: ACPI Hot Plug PCI Controller Driver version: 0.5
[    0.165521] PCI: Using configuration type 1 for base access
[    0.166317] PCI: Using configuration type 1 for extended access
[    0.168787] HugeTLB registered 2.00 MiB page size, pre-allocated 0 pages
[    0.168829] ACPI: Added _OSI(Module Device)
[    0.168829] ACPI: Added _OSI(Processor Device)
[    0.169172] ACPI: Added _OSI(3.0 _SCP Extensions)
[    0.172008] ACPI: Added _OSI(Processor Aggregator Device)
[    0.172670] ACPI: Added _OSI(Linux-Dell-Video)
[    0.173223] ACPI: Added _OSI(Linux-Lenovo-NV-HDMI-Audio)
[    0.173872] ACPI: Added _OSI(Linux-HPI-Hybrid-Graphics)
[    0.174764] ACPI: Executed 1 blocks of module-level executable AML code
[    0.178441] ACPI: Interpreter enabled
[    0.178973] ACPI: (supports S0 S5)
[    0.179455] ACPI: Using IOAPIC for interrupt routing
[    0.180000] PCI: Using host bridge windows from ACPI; if necessary, use "pci=nocrs" and report a bug
[    0.180135] ACPI: Enabled 2 GPEs in block 00 to 07
[    0.185174] ACPI: PCI Root Bridge [PCI0] (domain 0000 [bus 00-ff])
[    0.185997] acpi PNP0A03:00: _OSC: OS supports [ExtendedConfig ASPM ClockPM Segments MSI]
[    0.187690] acpi PNP0A03:00: _OSC: platform does not support [PCIeCapability]
[    0.188042] acpi PNP0A03:00: _OSC: not requesting control; platform does not support [PCIeCapability]
[    0.189162] acpi PNP0A03:00: _OSC: OS requested [PCIeHotplug PME AER PCIeCapability]
[    0.190128] acpi PNP0A03:00: _OSC: platform willing to grant [PCIeHotplug PME AER]
[    0.191048] acpi PNP0A03:00: _OSC failed (AE_SUPPORT); disabling ASPM
[    0.192000] PCI host bridge to bus 0000:00
[    0.192005] pci_bus 0000:00: root bus resource [io  0x0000-0x0cf7 window]
[    0.192808] pci_bus 0000:00: root bus resource [io  0x0d00-0xffff window]
[    0.193593] pci_bus 0000:00: root bus resource [mem 0x000a0000-0x000bffff window]
[    0.194516] pci_bus 0000:00: root bus resource [mem 0x40000000-0xfdffffff window]
[    0.195464] pci_bus 0000:00: root bus resource [bus 00-ff]
[    0.197198] pci 0000:00:01.1: legacy IDE quirk: reg 0x10: [io  0x01f0-0x01f7]
[    0.198063] pci 0000:00:01.1: legacy IDE quirk: reg 0x14: [io  0x03f6]
[    0.198839] pci 0000:00:01.1: legacy IDE quirk: reg 0x18: [io  0x0170-0x0177]
[    0.199728] pci 0000:00:01.1: legacy IDE quirk: reg 0x1c: [io  0x0376]
[    0.211589] pci 0000:00:07.0: quirk: [io  0x4000-0x403f] claimed by PIIX4 ACPI
[    0.212014] pci 0000:00:07.0: quirk: [io  0x4100-0x410f] claimed by PIIX4 SMB
[    0.222239] ACPI: PCI Interrupt Link [LNKA] (IRQs 5 9 10 *11)
[    0.223175] ACPI: PCI Interrupt Link [LNKB] (IRQs 5 9 *10 11)
[    0.223959] ACPI: PCI Interrupt Link [LNKC] (IRQs 5 *9 10 11)
[    0.224000] ACPI: PCI Interrupt Link [LNKD] (IRQs 5 9 10 *11)
[    0.224216] SCSI subsystem initialized
[    0.224690] pci 0000:00:02.0: vgaarb: setting as boot VGA device
[    0.224778] pci 0000:00:02.0: vgaarb: VGA device added: decodes=io+mem,owns=io+mem,locks=none
[    0.224778] pci 0000:00:02.0: vgaarb: bridge control possible
[    0.224778] vgaarb: loaded
[    0.225160] ACPI: bus type USB registered
[    0.225663] usbcore: registered new interface driver usbfs
[    0.226426] usbcore: registered new interface driver hub
[    0.228010] usbcore: registered new device driver usb
[    0.232044] EDAC MC: Ver: 3.0.0
[    0.232586] PCI: Using ACPI for IRQ routing
[    0.232767] NetLabel: Initializing
[    0.233202] NetLabel:  domain hash size = 128
[    0.233735] NetLabel:  protocols = UNLABELED CIPSOv4 CALIPSO
[    0.234453] NetLabel:  unlabeled traffic allowed by default
[    0.236050] clocksource: Switched to clocksource kvm-clock
[    0.286081] VFS: Disk quotas dquot_6.6.0
[    0.286702] VFS: Dquot-cache hash table entries: 512 (order 0, 4096 bytes)
[    0.287740] AppArmor: AppArmor Filesystem Enabled
[    0.288401] pnp: PnP ACPI init
[    0.289672] pnp: PnP ACPI: found 3 devices
[    0.312243] clocksource: acpi_pm: mask: 0xffffff max_cycles: 0xffffff, max_idle_ns: 2085701024 ns
[    0.313795] NET: Registered protocol family 2
[    0.314451] TCP established hash table entries: 8192 (order: 4, 65536 bytes)
[    0.315305] TCP bind hash table entries: 8192 (order: 5, 131072 bytes)
[    0.316028] TCP: Hash tables configured (established 8192 bind 8192)
[    0.316904] UDP hash table entries: 512 (order: 2, 16384 bytes)
[    0.317588] UDP-Lite hash table entries: 512 (order: 2, 16384 bytes)
[    0.318402] NET: Registered protocol family 1
[    0.318965] pci 0000:00:00.0: Limiting direct PCI/PCI transfers
[    0.319733] pci 0000:00:01.0: Activating ISA DMA hang workarounds
[    0.320501] pci 0000:00:02.0: Video device with shadowed ROM at [mem 0x000c0000-0x000dffff]
[    0.321591] Unpacking initramfs...
[    0.938199] Freeing initrd memory: 19520K
[    0.939092] clocksource: tsc: mask: 0xffffffffffffffff max_cycles: 0x39e8c27a6e8, max_idle_ns: 440795253411 ns
[    0.940432] platform rtc_cmos: registered platform RTC device (no PNP device found)
[    0.941343] Scanning for low memory corruption every 60 seconds
[    0.942623] Initialise system trusted keyrings
[    0.943158] Key type blacklist registered
[    0.943768] workingset: timestamp_bits=36 max_order=18 bucket_order=0
[    0.945185] zbud: loaded
[    0.945960] squashfs: version 4.0 (2009/01/31) Phillip Lougher
[    0.946790] fuse init (API version 7.26)
[    0.950237] Key type asymmetric registered
[    0.950810] Asymmetric key parser 'x509' registered
[    0.951573] Block layer SCSI generic (bsg) driver version 0.4 loaded (major 246)
[    0.952648] io scheduler noop registered
[    0.953197] io scheduler deadline registered
[    0.953796] io scheduler cfq registered (default)
[    0.954671] ACPI: AC Adapter [AC] (on-line)
[    0.955293] input: Power Button as /devices/LNXSYSTM:00/LNXPWRBN:00/input/input0
[    0.956372] ACPI: Power Button [PWRF]
[    0.956929] input: Sleep Button as /devices/LNXSYSTM:00/LNXSLPBN:00/input/input1
[    0.957872] ACPI: Sleep Button [SLPF]
[    0.958654] Serial: 8250/16550 driver, 32 ports, IRQ sharing enabled
[    0.979964] 00:02: ttyS0 at I/O 0x3f8 (irq = 4, base_baud = 115200) is a 16550A
[    0.983202] Linux agpgart interface v0.103
[    0.984994] loop: module loaded
[    0.985833] scsi host0: ata_piix
[    0.986436] scsi host1: ata_piix
[    0.986908] ata1: PATA max UDMA/33 cmd 0x1f0 ctl 0x3f6 bmdma 0xd000 irq 14
[    0.987788] ata2: PATA max UDMA/33 cmd 0x170 ctl 0x376 bmdma 0xd008 irq 15
[    0.988872] libphy: Fixed MDIO Bus: probed
[    0.989384] tun: Universal TUN/TAP device driver, 1.6
[    0.990060] PPP generic driver version 2.4.2
[    0.990635] ehci_hcd: USB 2.0 'Enhanced' Host Controller (EHCI) Driver
[    0.991371] ehci-pci: EHCI PCI platform driver
[    0.991964] ehci-platform: EHCI generic platform driver
[    0.992603] ohci_hcd: USB 1.1 'Open' Host Controller (OHCI) Driver
[    0.993305] ohci-pci: OHCI PCI platform driver
[    0.993823] ohci-platform: OHCI generic platform driver
[    0.994424] uhci_hcd: USB Universal Host Controller Interface driver
[    0.995157] i8042: PNP: PS/2 Controller [PNP0303:PS2K,PNP0f03:PS2M] at 0x60,0x64 irq 1,12
[    0.996731] serio: i8042 KBD port at 0x60,0x64 irq 1
[    0.997385] serio: i8042 AUX port at 0x60,0x64 irq 12
[    0.998126] mousedev: PS/2 mouse device common for all mice
[    0.999043] input: AT Translated Set 2 keyboard as /devices/platform/i8042/serio0/input/input2
[    1.000347] rtc_cmos rtc_cmos: rtc core: registered rtc_cmos as rtc0
[    1.001187] rtc_cmos rtc_cmos: alarms up to one day, 114 bytes nvram
[    1.001895] i2c /dev entries driver
[    1.002377] device-mapper: uevent: version 1.0.3
[    1.003034] device-mapper: ioctl: 4.37.0-ioctl (2017-09-20) initialised: dm-devel@redhat.com
[    1.004253] ledtrig-cpu: registered to indicate activity on CPUs
[    1.005299] NET: Registered protocol family 10
[    1.008267] Segment Routing with IPv6
[    1.008769] NET: Registered protocol family 17
[    1.009455] Key type dns_resolver registered
[    1.010152] mce: Using 0 MCE banks
[    1.010600] RAS: Correctable Errors collector initialized.
[    1.011297] sched_clock: Marking stable (1010131648, 0)->(1196571871, -186440223)
[    1.012644] registered taskstats version 1
[    1.013326] Loading compiled-in X.509 certificates
[    1.015560] Loaded X.509 cert 'Build time autogenerated kernel key: 1e5516648b223d94d04ce7d99e6048c9b3ebcb77'
[    1.017157] Loaded X.509 cert 'Canonical Ltd. Live Patch Signing: 14df34d1a87cf37625abec039ef2bf521249b969'
[    1.018666] Loaded X.509 cert 'Canonical Ltd. Kernel Module Signing: 88f752e560a1e0737e31163a466ad7b70a850c19'
[    1.019830] zswap: loaded using pool lzo/zbud
[    1.022671] Key type big_key registered
[    1.023200] Key type trusted registered
[    1.024921] Key type encrypted registered
[    1.025469] AppArmor: AppArmor sha1 policy hashing enabled
[    1.026140] ima: No TPM chip found, activating TPM-bypass! (rc=-19)
[    1.026877] ima: Allocated hash algorithm: sha1
[    1.027449] evm: HMAC attrs: 0x1
[    1.028078]   Magic number: 9:512:810
[    1.028669] rtc_cmos rtc_cmos: setting system clock to 2021-06-23 00:48:04 UTC (1624409284)
[    1.029884] BIOS EDD facility v0.16 2004-Jun-25, 0 devices found
[    1.030631] EDD information not available.
[    1.173532] Freeing unused kernel image memory: 2448K
[    1.357071] Write protecting the kernel read-only data: 20480k
[    1.358205] Freeing unused kernel image memory: 2008K
[    1.359044] Freeing unused kernel image memory: 1828K
[    1.365680] x86/mm: Checked W+X mappings: passed, no W+X pages found.
Loading, please wait...
starting version 237
[    1.443859] Fusion MPT base driver 3.04.20
[    1.444427] Copyright (c) 1999-2008 LSI Corporation
[    1.449330] e1000: Intel(R) PRO/1000 Network Driver - version 7.3.21-k8-NAPI
[    1.450170] e1000: Copyright (c) 1999-2006 Intel Corporation.
[    1.452987] Fusion MPT SPI Host driver 3.04.20
[    1.462643] AVX2 version of gcm_enc/dec engaged.
[    1.463232] AES CTR mode by8 optimization enabled
[    1.687724] input: ImExPS/2 Generic Explorer Mouse as /devices/platform/i8042/serio1/input/input4
[    1.948499] e1000 0000:00:03.0 eth0: (PCI:33MHz:32-bit) 02:98:b0:9b:6c:78
[    1.949374] e1000 0000:00:03.0 eth0: Intel(R) PRO/1000 Network Connection
[    1.950878] mptbase: ioc0: Initiating bringup
[    2.056372] ioc0: LSI53C1030 A0: Capabilities={Initiator}
[    2.297990] scsi host2: ioc0: LSI53C1030 A0, FwRev=00000000h, Ports=1, MaxQ=256, IRQ=20
[    4.157197] scsi 2:0:0:0: Direct-Access     VBOX     HARDDISK         1.0  PQ: 0 ANSI: 5
[    4.201958] scsi target2:0:0: Beginning Domain Validation
[    4.203561] scsi target2:0:0: Domain Validation skipping write tests
[    4.204364] scsi target2:0:0: Ending Domain Validation
[    4.205072] scsi target2:0:0: asynchronous
[    4.205902] scsi 2:0:1:0: Direct-Access     VBOX     HARDDISK         1.0  PQ: 0 ANSI: 5
[    4.468148] scsi target2:0:1: Beginning Domain Validation
[    4.469967] random: fast init done
[    4.470530] scsi target2:0:1: Domain Validation skipping write tests
[    4.471310] scsi target2:0:1: Ending Domain Validation
[    4.472093] scsi target2:0:1: asynchronous
[    4.475678] random: systemd-udevd: uninitialized urandom read (16 bytes read)
[    4.475778] sd 2:0:0:0: Attached scsi generic sg0 type 0
[    4.476594] random: systemd-udevd: uninitialized urandom read (16 bytes read)
[    4.477296] sd 2:0:0:0: [sda] 83886080 512-byte logical blocks: (42.9 GB/40.0 GiB)
[    4.478001] random: systemd-udevd: uninitialized urandom read (16 bytes read)
[    4.479380] sd 2:0:0:0: [sda] Write Protect is off
[    4.480772] sd 2:0:1:0: Attached scsi generic sg1 type 0
[    4.481826] sd 2:0:0:0: [sda] Incomplete mode parameter data
[    4.482599] sd 2:0:0:0: [sda] Assuming drive cache: write through
[    4.482634] sd 2:0:1:0: [sdb] 20480 512-byte logical blocks: (10.5 MB/10.0 MiB)
[    4.484322] sd 2:0:1:0: [sdb] Write Protect is off
[    4.484869]  sda: sda1
[    4.485311] sd 2:0:1:0: [sdb] Incomplete mode parameter data
[    4.485954] sd 2:0:1:0: [sdb] Assuming drive cache: write through
[    4.487250] sd 2:0:0:0: [sda] Attached SCSI disk
[    4.488965] sd 2:0:1:0: [sdb] Attached SCSI disk
[    4.523252] e1000 0000:00:08.0 eth1: (PCI:33MHz:32-bit) 08:00:27:cc:30:f5
[    4.524093] e1000 0000:00:08.0 eth1: Intel(R) PRO/1000 Network Connection
[    4.525700] e1000 0000:00:08.0 enp0s8: renamed from eth1
[    4.549267] e1000 0000:00:03.0 enp0s3: renamed from eth0
Begin: Loading essential drivers ... [    6.032148] raid6: sse2x1   gen()  8200 MB/s
[    6.080125] raid6: sse2x1   xor()  7952 MB/s
[    6.128128] raid6: sse2x2   gen() 16393 MB/s
[    6.176124] raid6: sse2x2   xor()  9383 MB/s
[    6.224115] raid6: sse2x4   gen() 17438 MB/s
[    6.272115] raid6: sse2x4   xor()  9717 MB/s
[    6.320130] raid6: avx2x1   gen() 19005 MB/s
[    6.368109] raid6: avx2x1   xor() 14188 MB/s
[    6.416124] raid6: avx2x2   gen() 23763 MB/s
[    6.464123] raid6: avx2x2   xor() 12580 MB/s
[    6.512122] raid6: avx2x4   gen() 23083 MB/s
[    6.560112] raid6: avx2x4   xor() 13416 MB/s
[    6.560723] raid6: using algorithm avx2x2 gen() 23763 MB/s
[    6.561447] raid6: .... xor() 12580 MB/s, rmw enabled
[    6.562064] raid6: using avx2x2 recovery algorithm
[    6.563579] xor: automatically using best checksumming function   avx       
[    6.565260] async_tx: api initialized (async)
done.
Begin: Running /scripts/init-premount ... done.
Begin: Mounting root file system ... Begin: Running /scripts/local-top ... done.
Begin: Running /scripts/local-premount ... [    6.599035] Btrfs loaded, crc32c=crc32c-intel
Scanning for Btrfs filesystems
done.
Warning: fsck not present, so skipping root file system
[    6.625164] EXT4-fs (sda1): mounted filesystem with ordered data mode. Opts: (null)
done.
Begin: Running /scripts/local-bottom ... done.
Begin: Running /scripts/init-bottom ... done.
[    6.834568] ip_tables: (C) 2000-2006 Netfilter Core Team
[    6.846003] systemd[1]: systemd 237 running in system mode. (+PAM +AUDIT +SELINUX +IMA +APPARMOR +SMACK +SYSVINIT +UTMP +LIBCRYPTSETUP +GCRYPT +GNUTLS +ACL +XZ +LZ4 +SECCOMP +BLKID +ELFUTILS +KMOD -IDN2 +IDN -PCRE2 default-hierarchy=hybrid)
[    6.848587] systemd[1]: Detected virtualization oracle.
[    6.849212] systemd[1]: Detected architecture x86-64.

Welcome to [1mUbuntu 18.04.5 LTS[0m!

[    6.868555] systemd[1]: Set hostname to <ubuntu-bionic>.
[    7.153687] systemd[1]: Set up automount Arbitrary Executable File Formats File System Automount Point.
[[0;32m  OK  [0m] Set up automount Arbitrary Executab…rmats File System Automount Point.
[    7.155741] systemd[1]: Reached target Swap.
[[0;32m  OK  [0m] Reached target Swap.
[    7.156524] systemd[1]: Reached target System Time Synchronized.
[[0;32m  OK  [0m] Reached target System Time Synchronized.
[    7.158594] systemd[1]: Created slice System Slice.
[[0;32m  OK  [0m] Created slice System Slice.
[    7.159690] systemd[1]: Listening on Network Service Netlink Socket.
[[0;32m  OK  [0m] Listening on Network Service Netlink Socket.
[    7.161030] systemd[1]: Listening on udev Control Socket.
[[0;32m  OK  [0m] Listening on udev Control Socket.
[[0;32m  OK  [0m] Listening on Journal Audit Socket.
[[0;32m  OK  [0m] Listening on Syslog Socket.
[[0;32m  OK  [0m] Listening on fsck to fsckd communication Socket.
[[0;32m  OK  [0m] Listening on LVM2 poll daemon socket.
[[0;32m  OK  [0m] Listening on udev Kernel Socket.
[[0;32m  OK  [0m] Listening on Device-mapper event daemon FIFOs.
[[0;32m  OK  [0m] Started Forward Password Requests to Wall Directory Watch.
[[0;32m  OK  [0m] Listening on /dev/initctl Compatibility Named Pipe.
[[0;32m  OK  [0m] Listening on Journal Socket (/dev/log).
[[0;32m  OK  [0m] Created slice User and Session Slice.
[[0;32m  OK  [0m] Listening on LVM2 metadata daemon socket.
[[0;32m  OK  [0m] Listening on Journal Socket.
         Starting Create list of required st…ce nodes for the current kernel...
         Starting File System Check on Root Device...
         Mounting Kernel Debug File System...
         Starting Uncomplicated firewall...
         Starting Journal Service...
         Starting Load Kernel Modules...
         Starting Set the console keyboard layout...
         Mounting POSIX Message Queue File System...
         Starting udev Coldplug all Devices...
         Mounting Huge Pages File System...
         Starting Monitoring of LVM2 mirrors…ng dmeventd or progress polling...
[[0;32m  OK  [0m] Reached target User and Group Name Lookups.
[[0;32m  OK  [0m] Reached target Slices.
[[0;32m  OK  [0m] Created slice system-serial\x2dgetty.slice.
[[0;32m  OK  [0m] Started Create list of required sta…vice nodes for the current kernel.
[[0;32m  OK  [0m] Started File System Check on Root Device.
[[0;32m  OK  [0m] Mounted Kernel Debug File System.
[[0;32m  OK  [0m] Started Uncomplicated firewall.
[    7.235618] Loading iSCSI transport class v2.0-870.
[[0;32m  OK  [0m] Mounted POSIX Message Queue File System.
[[0;32m  OK  [0m] Mounted Huge Pages File System.
[[0;32m  OK  [0m] Started File System Check Daemon to report status.
         Starting Remount Root and Kernel File Systems...
         Starting Create Static Device Nodes in /dev...
[[0;32m  OK  [0m] Started Journal Service.
[    7.246035] iscsi: registered transport (tcp)
[[0;32m  OK  [0m] Started udev Coldplug all Devices.
[[0;32m  OK  [0m] Started LVM2 metadata daemon.
[    7.405892] EXT4-fs (sda1): re-mounted. Opts: (null)
[[0;32m  OK  [0m] Started Create Static Device Nodes in /dev.
[[0;32m  OK  [0m] Started Remount Root and Kernel File Systems.
         Starting Flush Journal to Persistent Storage...
[    7.419368] iscsi: registered transport (iser)
         Starting Load/Save Random Seed...
         Starting udev Kernel Device Manager...
[[0;32m  OK  [0m] Started Load Kernel Modules.
         Starting Apply Kernel Variables...
         Mounting FUSE Control File System...
         Mounting Kernel Configuration File System...
[[0;32m  OK  [0m] Mounted Kernel Configuration File System.
[[0;32m  OK  [0m] Mounted FUSE Control File System.
[    7.450375] systemd-journald[402]: Received request to flush runtime journal from PID 1
[[0;32m  OK  [0m] Started Load/Save Random Seed.
[[0;32m  OK  [0m] Started Monitoring of LVM2 mirrors,…sing dmeventd or progress polling.
[[0;32m  OK  [0m] Started udev Kernel Device Manager.
[[0;32m  OK  [0m] Started Apply Kernel Variables.
[[0;32m  OK  [0m] Started Set the console keyboard layout.
[[0;32m  OK  [0m] Started Dispatch Password Requests to Console Directory Watch.
[[0;32m  OK  [0m] Reached target Local Encrypted Volumes.
[[0;32m  OK  [0m] Reached target Local File Systems (Pre).
[[0;32m  OK  [0m] Reached target Local File Systems.
         Starting Set console font and keymap...
         Starting Tell Plymouth To Write Out Runtime Data...
         Starting AppArmor initialization...
         Starting ebtables ruleset management...
[[0;32m  OK  [0m] Started Set console font and keymap.
[[0;32m  OK  [0m] Started Flush Journal to Persistent Storage.
         Starting Create Volatile Files and Directories...
[[0;32m  OK  [0m] Started Tell Plymouth To Write Out Runtime Data.
[[0;32m  OK  [0m] Started Create Volatile Files and Directories.
         Starting Update UTMP about System Boot/Shutdown...
[[0;32m  OK  [0m] Found device /dev/ttyS0.
[[0;32m  OK  [0m] Started Update UTMP about System Boot/Shutdown.
[[0;32m  OK  [0m] Started ebtables ruleset management.
[[0;32m  OK  [0m] Listening on Load/Save RF Kill Switch Status /dev/rfkill Watch.
[[0;32m  OK  [0m] Started AppArmor initialization.
         Starting Load AppArmor profiles managed internally by snapd...
         Starting Initial cloud-init job (pre-networking)...
[[0;32m  OK  [0m] Started Load AppArmor profiles managed internally by snapd.
[    9.718553] cloud-init[556]: Cloud-init v. 21.1-19-gbad84ad4-0ubuntu1~18.04.2 running 'init-local' at Wed, 23 Jun 2021 00:48:12 +0000. Up 9.51 seconds.
[[0;32m  OK  [0m] Started Initial cloud-init job (pre-networking).
[[0;32m  OK  [0m] Reached target Network (Pre).
         Starting Network Service...
[[0;32m  OK  [0m] Started Network Service.
         Starting Network Name Resolution...
         Starting Wait for Network to be Configured...
[[0;32m  OK  [0m] Started Network Name Resolution.
[[0;32m  OK  [0m] Reached target Network.
[[0;32m  OK  [0m] Reached target Host and Network Name Lookups.
[[0;32m  OK  [0m] Started Wait for Network to be Configured.
         Starting Initial cloud-init job (metadata service crawler)...
[   13.703660] cloud-init[685]: Cloud-init v. 21.1-19-gbad84ad4-0ubuntu1~18.04.2 running 'init' at Wed, 23 Jun 2021 00:48:17 +0000. Up 13.53 seconds.
[   13.706199] cloud-init[685]: ci-info: +++++++++++++++++++++++++++++++++++++++Net device info++++++++++++++++++++++++++++++++++++++++
[   13.707835] cloud-init[685]: ci-info: +--------+------+-----------------------------+-----------------+--------+-------------------+
[   13.709180] cloud-init[685]: ci-info: | Device |  Up  |           Address           |       Mask      | Scope  |     Hw-Address    |
[   13.720783] cloud-init[685]: ci-info: +--------+------+-----------------------------+-----------------+--------+-------------------+
[   13.723172] cloud-init[685]: ci-info: | enp0s3 | True |          10.0.2.15          |  255.255.255.0  | global | 02:98:b0:9b:6c:78 |
[   13.725779] cloud-init[685]: ci-info: | enp0s3 | True |  fe80::98:b0ff:fe9b:6c78/64 |        .        |  link  | 02:98:b0:9b:6c:78 |
[   13.727142] cloud-init[685]: ci-info: | enp0s8 | True |          10.0.10.10         | 255.255.255.224 | global | 08:00:27:cc:30:f5 |
[   13.729225] cloud-init[685]: ci-info: | enp0s8 | True | fe80::a00:27ff:fecc:30f5/64 |        .        |  link  | 08:00:27:cc:30:f5 |
[   13.730702] cloud-init[685]: ci-info: |   lo   | True |          127.0.0.1          |    255.0.0.0    |  host  |         .         |
[   13.731969] cloud-init[685]: ci-info: |   lo   | True |           ::1/128           |        .        |  host  |         .         |
[   13.733326] cloud-init[685]: ci-info: +--------+------+-----------------------------+-----------------+--------+-------------------+
[   13.734541] cloud-init[685]: ci-info: +++++++++++++++++++++++++++++Route IPv4 info+++++++++++++++++++++++++++++
[   13.735851] cloud-init[685]: ci-info: +-------+-------------+-----------+-----------------+-----------+-------+
[   13.737291] cloud-init[685]: ci-info: | Route | Destination |  Gateway  |     Genmask     | Interface | Flags |
[   13.738385] cloud-init[685]: ci-info: +-------+-------------+-----------+-----------------+-----------+-------+
[   13.739486] cloud-init[685]: ci-info: |   0   |   0.0.0.0   |  10.0.2.2 |     0.0.0.0     |   enp0s3  |   UG  |
[   13.740612] cloud-init[685]: ci-info: |   1   |   0.0.0.0   | 10.0.10.1 |     0.0.0.0     |   enp0s8  |   UG  |
[   13.741695] cloud-init[685]: ci-info: |   2   |   10.0.2.0  |  0.0.0.0  |  255.255.255.0  |   enp0s3  |   U   |
[   13.743145] cloud-init[685]: ci-info: |   3   |   10.0.2.2  |  0.0.0.0  | 255.255.255.255 |   enp0s3  |   UH  |
[   13.744605] cloud-init[685]: ci-info: |   4   |  10.0.10.0  |  0.0.0.0  | 255.255.255.224 |   enp0s8  |   U   |
[   13.745896] cloud-init[685]: ci-info: |   5   |  10.0.10.1  |  0.0.0.0  | 255.255.255.255 |   enp0s8  |   UH  |
[   13.747110] cloud-init[685]: ci-info: +-------+-------------+-----------+-----------------+-----------+-------+
[   13.749897] cloud-init[685]: ci-info: +++++++++++++++++++Route IPv6 info+++++++++++++++++++
[   13.750938] cloud-init[685]: ci-info: +-------+-------------+---------+-----------+-------+
[   13.751942] cloud-init[685]: ci-info: | Route | Destination | Gateway | Interface | Flags |
[   13.752977] cloud-init[685]: ci-info: +-------+-------------+---------+-----------+-------+
[   13.753873] cloud-init[685]: ci-info: |   1   |  fe80::/64  |    ::   |   enp0s3  |   U   |
[   13.754891] cloud-init[685]: ci-info: |   2   |  fe80::/64  |    ::   |   enp0s8  |   U   |
[   13.755855] cloud-init[685]: ci-info: |   4   |    local    |    ::   |   enp0s3  |   U   |
[   13.756916] cloud-init[685]: ci-info: |   5   |    local    |    ::   |   enp0s8  |   U   |
[   13.757794] cloud-init[685]: ci-info: |   6   |   ff00::/8  |    ::   |   enp0s3  |   U   |
[   13.758889] cloud-init[685]: ci-info: |   7   |   ff00::/8  |    ::   |   enp0s8  |   U   |
[   13.759931] cloud-init[685]: ci-info: +-------+-------------+---------+-----------+-------+
[[0;32m  OK  [0m] Started Initial cloud-init job (metadata service crawler).
[[0;32m  OK  [0m] Reached target Network is Online.
[[0;32m  OK  [0m] Reached target Remote File Systems (Pre).
         Mounting /vagrant...
         Starting Availability of block devices...
[[0;32m  OK  [0m] Reached target Cloud-config availability.
[[0;32m  OK  [0m] Reached target System Initialization.
[[0;32m  OK  [0m] Started Ubuntu Advantage update messaging.
[[0;32m  OK  [0m] Listening on Open-iSCSI iscsid Socket.
[[0;32m  OK  [0m] Listening on ACPID Listen Socket.
         Starting Socket activation for snappy daemon.
[[0;32m  OK  [0m] Listening on D-Bus System Message Bus Socket.
[[0;32m  OK  [0m] Started Daily Cleanup of Temporary Directories.
[[0;32m  OK  [0m] Listening on UUID daemon activation socket.
[[0;32m  OK  [0m] Started Daily apt download activities.
[[0;32m  OK  [0m] Started Message of the Day.
         Starting LXD - unix socket.
[[0;32m  OK  [0m] Started Daily apt upgrade and clean activities.
[[0;32m  OK  [0m] Started ACPI Events Check.
[[0;32m  OK  [0m] Reached target Paths.
[[0;32m  OK  [0m] Started Discard unused blocks once a week.
[[0;32m  OK  [0m] Reached target Timers.
[[0;32m  OK  [0m] Started Availability of block devices.
[[0;32m  OK  [0m] Listening on Socket activation for snappy daemon.
[[0;32m  OK  [0m] Listening on LXD - unix socket.
[[0;32m  OK  [0m] Reached target Sockets.
[[0;32m  OK  [0m] Reached target Basic System.
         Starting LSB: Record successful boot for GRUB...
         Starting Virtualbox guest utils...
         Starting A high performance web server and a reverse proxy server...
[[0;32m  OK  [0m] Started D-Bus System Message Bus.
[[0;32m  OK  [0m] Started FUSE filesystem for LXC.
[[0;32m  OK  [0m] Started Regular background program processing daemon.
[[0;32m  OK  [0m] Started irqbalance daemon.
[[0;32m  OK  [0m] Started Deferred execution scheduler.
         Starting Dispatcher daemon for systemd-networkd...
         Starting OpenBSD Secure Shell server...
         Starting LXD - container startup/shutdown...
         Starting Accounts Service...
         Starting Login Service...
         Starting Snap Daemon...
         Starting System Logging Service...
[[0;32m  OK  [0m] Mounted /vagrant.
[[0;32m  OK  [0m] Started System Logging Service.
[[0;32m  OK  [0m] Started Login Service.
[[0;32m  OK  [0m] Started Unattended Upgrades Shutdown.
         Starting Hostname Service...
[[0;32m  OK  [0m] Reached target Remote File Systems.
         Starting Permit User Sessions...
         Starting LSB: automatic crash report generation...
[[0;32m  OK  [0m] Started A high performance web server and a reverse proxy server.
[[0;32m  OK  [0m] Started Permit User Sessions.
         Starting Terminate Plymouth Boot Screen...
         Starting Hold until boot process finishes up...
[[0;32m  OK  [0m] Started Hold until boot process finishes up.
[[0;32m  OK  [0m] Started Terminate Plymouth Boot Screen.
         Starting Set console scheme...
[[0;32m  OK  [0m] Started Serial Getty on ttyS0.
[[0;32m  OK  [0m] Started Set console scheme.
[[0;32m  OK  [0m] Created slice system-getty.slice.
[[0;32m  OK  [0m] Started Getty on tty1.
[[0;32m  OK  [0m] Reached target Login Prompts.
[[0;32m  OK  [0m] Started Hostname Service.
[[0;32m  OK  [0m] Started LSB: Record successful boot for GRUB.
[[0;32m  OK  [0m] Started LSB: automatic crash report generation.
         Starting Authorization Manager...
[[0;32m  OK  [0m] Started OpenBSD Secure Shell server.
[[0;32m  OK  [0m] Started Authorization Manager.
[[0;32m  OK  [0m] Started Accounts Service.
[[0;32m  OK  [0m] Started Virtualbox guest utils.
[[0;32m  OK  [0m] Started Dispatcher daemon for systemd-networkd.
[[0;32m  OK  [0m] Created slice User Slice of vagrant.
         Starting User Manager for UID 1000...
[[0;32m  OK  [0m] Started Session 1 of user vagrant.
[[0;32m  OK  [0m] Started LXD - container startup/shutdown.
[[0;32m  OK  [0m] Started User Manager for UID 1000.
[[0;32m  OK  [0m] Started Snap Daemon.
         Starting Wait until snapd is fully seeded...
[[0;32m  OK  [0m] Started Wait until snapd is fully seeded.
         Starting Apply the settings specified in cloud-config...
[[0;32m  OK  [0m] Reached target Multi-User System.
[[0;32m  OK  [0m] Reached target Graphical Interface.
         Starting Update UTMP about System Runlevel Changes...
[[0;32m  OK  [0m] Started Update UTMP about System Runlevel Changes.
[   17.878477] cloud-init[1180]: Cloud-init v. 21.1-19-gbad84ad4-0ubuntu1~18.04.2 running 'modules:config' at Wed, 23 Jun 2021 00:48:21 +0000. Up 17.78 seconds.
[[0;32m  OK  [0m] Started Apply the settings specified in cloud-config.
         Starting Execute cloud user/final scripts...
[   18.327073] cloud-init[1248]: Cloud-init v. 21.1-19-gbad84ad4-0ubuntu1~18.04.2 running 'modules:final' at Wed, 23 Jun 2021 00:48:21 +0000. Up 18.23 seconds.
[   18.328250] cloud-init[1248]: Cloud-init v. 21.1-19-gbad84ad4-0ubuntu1~18.04.2 finished at Wed, 23 Jun 2021 00:48:21 +0000. Datasource DataSourceNoCloud [seed=/dev/sdb][dsmode=net].  Up 18.32 seconds
[[0;32m  OK  [0m] Started Execute cloud user/final scripts.
[[0;32m  OK  [0m] Reached target Cloud-init target.

Ubuntu 18.04.5 LTS ubuntu-bionic ttyS0

ubuntu-bionic login:          Stopping User Manager for UID 1000...
         Stopping Authorization Manager...
[[0;32m  OK  [0m] Stopped target Timers.
[[0;32m  OK  [0m] Stopped Daily apt upgrade and clean activities.
[[0;32m  OK  [0m] Stopped Daily apt download activities.
[[0;32m  OK  [0m] Stopped Message of the Day.
[[0;32m  OK  [0m] Stopped target Cloud-init target.
[[0;32m  OK  [0m] Stopped Execute cloud user/final scripts.
[[0;32m  OK  [0m] Stopped Apply the settings specified in cloud-config.
[[0;32m  OK  [0m] Stopped target Cloud-config availability.
[[0;32m  OK  [0m] Stopped target Graphical Interface.
         Stopping Availability of block devices...
[[0;32m  OK  [0m] Stopped Daily Cleanup of Temporary Directories.
         Stopping Session 5 of user vagrant.
         Stopping Accounts Service...
[[0;32m  OK  [0m] Stopped target Host and Network Name Lookups.
[[0;32m  OK  [0m] Stopped Discard unused blocks once a week.
[[0;32m  OK  [0m] Stopped target Multi-User System.
         Stopping OpenBSD Secure Shell server...
         Stopping irqbalance daemon...
         Stopping A high performance web server and a reverse proxy server...
         Stopping LSB: Record successful boot for GRUB...
         Stopping D-Bus System Message Bus...
         Stopping Dispatcher daemon for systemd-networkd...
         Stopping System Logging Service...
         Stopping Regular background program processing daemon...
         Stopping Virtualbox guest utils...
         Stopping LSB: automatic crash report generation...
[[0;32m  OK  [0m] Stopped Ubuntu Advantage update messaging.
[[0;32m  OK  [0m] Stopped target System Time Synchronized.
[[0;32m  OK  [0m] Stopped target Login Prompts.
         Stopping Serial Getty on ttyS0...
         Stopping Getty on tty1...
         Stopping LXD - container startup/shutdown...
[[0;32m  OK  [0m] Closed Load/Save RF Kill Switch Status /dev/rfkill Watch.
         Stopping Deferred execution scheduler...
[[0;32m  OK  [0m] Stopped Wait until snapd is fully seeded.
         Stopping FUSE filesystem for LXC...
[[0;32m  OK  [0m] Unmounted /var/lib/lxcfs.
[[0;32m  OK  [0m] Stopped Regular background program processing daemon.
[[0;32m  OK  [0m] Stopped irqbalance daemon.
[[0;32m  OK  [0m] Stopped Deferred execution scheduler.
[[0;32m  OK  [0m] Stopped Dispatcher daemon for systemd-networkd.
[[0;32m  OK  [0m] Stopped Accounts Service.
[[0;32m  OK  [0m] Stopped System Logging Service.
[[0;32m  OK  [0m] Stopped Serial Getty on ttyS0.
[[0;32m  OK  [0m] Stopped Getty on tty1.
[[0;32m  OK  [0m] Stopped OpenBSD Secure Shell server.
[[0;32m  OK  [0m] Stopped Authorization Manager.
[[0;32m  OK  [0m] Stopped User Manager for UID 1000.
[[0;32m  OK  [0m] Stopped D-Bus System Message Bus.
[[0;32m  OK  [0m] Stopped Session 5 of user vagrant.
[[0;32m  OK  [0m] Stopped FUSE filesystem for LXC.
[[0;32m  OK  [0m] Stopped A high performance web server and a reverse proxy server.
[[0;32m  OK  [0m] Removed slice User Slice of vagrant.
         Stopping Login Service...
[[0;32m  OK  [0m] Removed slice system-getty.slice.
[[0;32m  OK  [0m] Removed slice system-serial\x2dgetty.slice.
         Stopping Permit User Sessions...
[[0;32m  OK  [0m] Stopped Availability of block devices.
[[0;32m  OK  [0m] Stopped Virtualbox guest utils.
[[0;32m  OK  [0m] Stopped LXD - container startup/shutdown.
[[0;32m  OK  [0m] Stopped Permit User Sessions.
[[0;32m  OK  [0m] Stopped LSB: Record successful boot for GRUB.
[[0;32m  OK  [0m] Stopped LSB: automatic crash report generation.
[[0;32m  OK  [0m] Stopped target Remote File Systems.
         Unmounting /vagrant...
[[0;32m  OK  [0m] Unmounted /vagrant.
[[0;32m  OK  [0m] Stopped target Network is Online.
[[0;32m  OK  [0m] Stopped target Remote File Systems (Pre).
[[0;32m  OK  [0m] Stopped target Network.
         Stopping Network Name Resolution...
[[0;32m  OK  [0m] Stopped Network Name Resolution.
[[0;32m  OK  [0m] Stopped Login Service.
[[0;32m  OK  [0m] Stopped target User and Group Name Lookups.
[[0;32m  OK  [0m] Stopped target Basic System.
[[0;32m  OK  [0m] Stopped target Slices.
[[0;32m  OK  [0m] Stopped target Paths.
[[0;32m  OK  [0m] Stopped ACPI Events Check.
[[0;32m  OK  [0m] Stopped target Sockets.
[[0;32m  OK  [0m] Closed Open-iSCSI iscsid Socket.
[[0;32m  OK  [0m] Closed ACPID Listen Socket.
[[0;32m  OK  [0m] Closed Syslog Socket.
[[0;32m  OK  [0m] Closed LXD - unix socket.
[[0;32m  OK  [0m] Closed Socket activation for snappy daemon.
[[0;32m  OK  [0m] Closed UUID daemon activation socket.
[[0;32m  OK  [0m] Removed slice User and Session Slice.
[[0;32m  OK  [0m] Closed D-Bus System Message Bus Socket.
[[0;32m  OK  [0m] Stopped target System Initialization.
         Stopping Load/Save Random Seed...
[[0;32m  OK  [0m] Stopped target Local Encrypted Volumes.
[[0;32m  OK  [0m] Stopped Forward Password Requests to Wall Directory Watch.
[[0;32m  OK  [0m] Stopped Dispatch Password Requests to Console Directory Watch.
         Stopping Update UTMP about System Boot/Shutdown...
[[0;32m  OK  [0m] Stopped Initial cloud-init job (metadata service crawler).
         Stopping Network Service...
[[0;32m  OK  [0m] Stopped Load/Save Random Seed.
[[0;32m  OK  [0m] Stopped Update UTMP about System Boot/Shutdown.
[[0;32m  OK  [0m] Stopped Create Volatile Files and Directories.
[[0;32m  OK  [0m] Stopped target Local File Systems.
         Unmounting /run/user/1000...
[[0;32m  OK  [0m] Unmounted /run/user/1000.
[[0;32m  OK  [0m] Reached target Unmount All Filesystems.
[[0;32m  OK  [0m] Stopped target Swap.
[[0;32m  OK  [0m] Stopped target Local File Systems (Pre).
         Stopping Monitoring of LVM2 mirrors…ng dmeventd or progress polling...
[[0;32m  OK  [0m] Stopped Create Static Device Nodes in /dev.
[[0;32m  OK  [0m] Stopped Network Service.
[[0;32m  OK  [0m] Stopped Monitoring of LVM2 mirrors,…sing dmeventd or progress polling.
         Stopping LVM2 metadata daemon...
[[0;32m  OK  [0m] Stopped Apply Kernel Variables.
[[0;32m  OK  [0m] Stopped Load Kernel Modules.
[[0;32m  OK  [0m] Stopped target Network (Pre).
[[0;32m  OK  [0m] Stopped Initial cloud-init job (pre-networking).
[[0;32m  OK  [0m] Stopped Remount Root and Kernel File Systems.
[[0;32m  OK  [0m] Reached target Shutdown.
[[0;32m  OK  [0m] Reached target Final Step.
         Starting Power-Off...
[[0;32m  OK  [0m] Stopped LVM2 metadata daemon.
[  437.200041] reboot: Power down
